[handleMsg]:  {
  key: {
    remoteJid: '573196946020@s.whatsapp.net',
    fromMe: false,
    id: '3AF5D0013491E1042036',
    participant: undefined
  },
  messageTimestamp: 1680456574,
  pushName: 'Harold Andres Lenis',
  message: Message {
    conversation: 'J',
    messageContextInfo: MessageContextInfo {
      deviceListMetadata: [DeviceListMetadata],
      deviceListMetadataVersion: 2
    }
  },
  body: 'J',
  from: '573196946020'
}
[handleMsg]:  {
  key: {
    remoteJid: '573196946020@s.whatsapp.net',
    fromMe: false,
    id: '3A45EF40D72F07435214',
    participant: undefined
  },
  messageTimestamp: 1680456585,
  pushName: 'Harold Andres Lenis',
  message: Message {
    conversation: '1',
    messageContextInfo: MessageContextInfo {
      deviceListMetadata: [DeviceListMetadata],
      deviceListMetadataVersion: 2
    }
  },
  body: '1',
  from: '573196946020'
}
[handleMsg]:  {
  key: {
    remoteJid: '573196946020@s.whatsapp.net',
    fromMe: false,
    id: '3AB996AC01476C2A3FFF',
    participant: undefined
  },
  messageTimestamp: 1680456589,
  pushName: 'Harold Andres Lenis',
  message: Message {
    conversation: 'Menú',
    messageContextInfo: MessageContextInfo {
      deviceListMetadata: [DeviceListMetadata],
      deviceListMetadataVersion: 2
    }
  },
  body: 'Menú',
  from: '573196946020'
}
[handleMsg]:  {
  key: {
    remoteJid: '573196946020@s.whatsapp.net',
    fromMe: false,
    id: '3A2530C942E7976C227C',
    participant: undefined
  },
  messageTimestamp: 1680456592,
  pushName: 'Harold Andres Lenis',
  message: Message {
    conversation: 'Menú',
    messageContextInfo: MessageContextInfo {
      deviceListMetadata: [DeviceListMetadata],
      deviceListMetadataVersion: 2
    }
  },
  body: 'Menú',
  from: '573196946020'
}
[handleMsg]:  {
  key: {
    remoteJid: '573196946020@s.whatsapp.net',
    fromMe: false,
    id: '3AEEE5890F1EAC4B73A6',
    participant: undefined
  },
  messageTimestamp: 1680456601,
  pushName: 'Harold Andres Lenis',
  message: Message {
    conversation: '2',
    messageContextInfo: MessageContextInfo {
      deviceListMetadata: [DeviceListMetadata],
      deviceListMetadataVersion: 2
    }
  },
  body: '2',
  from: '573196946020'
}
[handleMsg]:  {
  key: {
    remoteJid: '573196946020@s.whatsapp.net',
    fromMe: false,
    id: '3A2082A1819FB006F6D9',
    participant: undefined
  },
  messageTimestamp: 1680456611,
  pushName: 'Harold Andres Lenis',
  message: Message {
    conversation: 'Menú',
    messageContextInfo: MessageContextInfo {
      deviceListMetadata: [DeviceListMetadata],
      deviceListMetadataVersion: 2
    }
  },
  body: 'Menú',
  from: '573196946020'
}
[handleMsg]:  {
  key: {
    remoteJid: '573196946020@s.whatsapp.net',
    fromMe: false,
    id: '3AAE9601F3F535BF4BB1',
    participant: undefined
  },
  messageTimestamp: 1680456619,
  pushName: 'Harold Andres Lenis',
  message: Message {
    conversation: '3',
    messageContextInfo: MessageContextInfo {
      deviceListMetadata: [DeviceListMetadata],
      deviceListMetadataVersion: 2
    }
  },
  body: '3',
  from: '573196946020'
}
[handleMsg]:  {
  key: {
    remoteJid: '573196946020@s.whatsapp.net',
    fromMe: false,
    id: '3A609C0E5B1229F95014',
    participant: undefined
  },
  messageTimestamp: 1680456634,
  pushName: 'Harold Andres Lenis',
  message: Message {
    conversation: 'Menú',
    messageContextInfo: MessageContextInfo {
      deviceListMetadata: [DeviceListMetadata],
      deviceListMetadataVersion: 2
    }
  },
  body: 'Menú',
  from: '573196946020'
}
[handleMsg]:  {
  key: {
    remoteJid: '573196946020@s.whatsapp.net',
    fromMe: false,
    id: '3AC4AAAEB1A7A0BE4AC8',
    participant: undefined
  },
  messageTimestamp: 1680456681,
  pushName: 'Harold Andres Lenis',
  message: Message {
    conversation: '6',
    messageContextInfo: MessageContextInfo {
      deviceListMetadata: [DeviceListMetadata],
      deviceListMetadataVersion: 2
    }
  },
  body: '6',
  from: '573196946020'
}
[handleMsg]:  {
  key: {
    remoteJid: '573196946020@s.whatsapp.net',
    fromMe: false,
    id: '3A0A899A54EA57F4CDBD',
    participant: undefined
  },
  messageTimestamp: 1680456686,
  pushName: 'Harold Andres Lenis',
  message: Message {
    conversation: 'Menú',
    messageContextInfo: MessageContextInfo {
      deviceListMetadata: [DeviceListMetadata],
      deviceListMetadataVersion: 2
    }
  },
  body: 'Menú',
  from: '573196946020'
}
[handleMsg]:  {
  key: {
    remoteJid: '573196946020@s.whatsapp.net',
    fromMe: false,
    id: '3A2A2FF32C7DB4FFF879',
    participant: undefined
  },
  messageTimestamp: 1680456695,
  pushName: 'Harold Andres Lenis',
  message: Message {
    conversation: '7',
    messageContextInfo: MessageContextInfo {
      deviceListMetadata: [DeviceListMetadata],
      deviceListMetadataVersion: 2
    }
  },
  body: '7',
  from: '573196946020'
}
[handleMsg]:  {
  key: {
    remoteJid: '573196946020@s.whatsapp.net',
    fromMe: false,
    id: '3AEFB77ADB5BFDBCC404',
    participant: undefined
  },
  messageTimestamp: 1680456702,
  pushName: 'Harold Andres Lenis',
  message: Message {
    conversation: 'Menu',
    messageContextInfo: MessageContextInfo {
      deviceListMetadata: [DeviceListMetadata],
      deviceListMetadataVersion: 2
    }
  },
  body: 'Menu',
  from: '573196946020'
}
[handleMsg]:  {
  key: {
    remoteJid: '573196946020@s.whatsapp.net',
    fromMe: false,
    id: '3A0D265156CD66A69F6E',
    participant: undefined
  },
  messageTimestamp: 1680456708,
  pushName: 'Harold Andres Lenis',
  message: Message {
    conversation: 'V',
    messageContextInfo: MessageContextInfo {
      deviceListMetadata: [DeviceListMetadata],
      deviceListMetadataVersion: 2
    }
  },
  body: 'V',
  from: '573196946020'
}
[handleMsg]:  {
  key: {
    remoteJid: '573196946020@s.whatsapp.net',
    fromMe: false,
    id: '3A168FB5E3C9F52D5E7C',
    participant: undefined
  },
  messageTimestamp: 1680456712,
  pushName: 'Harold Andres Lenis',
  message: Message {
    conversation: '8',
    messageContextInfo: MessageContextInfo {
      deviceListMetadata: [DeviceListMetadata],
      deviceListMetadataVersion: 2
    }
  },
  body: '8',
  from: '573196946020'
}
[handleMsg]:  {
  key: {
    remoteJid: '573196946020@s.whatsapp.net',
    fromMe: false,
    id: '3AF155B69E63242102EE',
    participant: undefined
  },
  messageTimestamp: 1680456715,
  pushName: 'Harold Andres Lenis',
  message: Message {
    conversation: '8',
    messageContextInfo: MessageContextInfo {
      deviceListMetadata: [DeviceListMetadata],
      deviceListMetadataVersion: 2
    }
  },
  body: '8',
  from: '573196946020'
}
[handleMsg]:  {
  key: {
    remoteJid: '573196946020@s.whatsapp.net',
    fromMe: false,
    id: '3ADD7A44AB0FC1A63CDA',
    participant: undefined
  },
  messageTimestamp: 1680456724,
  pushName: 'Harold Andres Lenis',
  message: Message {
    conversation: '9',
    messageContextInfo: MessageContextInfo {
      deviceListMetadata: [DeviceListMetadata],
      deviceListMetadataVersion: 2
    }
  },
  body: '9',
  from: '573196946020'
}
[handleMsg]:  {
  key: {
    remoteJid: '573196946020@s.whatsapp.net',
    fromMe: false,
    id: '3AC888E1C4BC987CCC7A',
    participant: undefined
  },
  messageTimestamp: 1680456727,
  pushName: 'Harold Andres Lenis',
  message: Message {
    conversation: '9',
    messageContextInfo: MessageContextInfo {
      deviceListMetadata: [DeviceListMetadata],
      deviceListMetadataVersion: 2
    }
  },
  body: '9',
  from: '573196946020'
}
[handleMsg]:  {
  key: {
    remoteJid: '573196946020@s.whatsapp.net',
    fromMe: false,
    id: '3AE8B3470E6178990800',
    participant: undefined
  },
  messageTimestamp: 1680456734,
  pushName: 'Harold Andres Lenis',
  message: Message {
    conversation: 'Menú 2',
    messageContextInfo: MessageContextInfo {
      deviceListMetadata: [DeviceListMetadata],
      deviceListMetadataVersion: 2
    }
  },
  body: 'Menú 2',
  from: '573196946020'
}
[handleMsg]:  {
  key: {
    remoteJid: '573196946020@s.whatsapp.net',
    fromMe: false,
    id: '3AC576C86B1A8FE68A89',
    participant: undefined
  },
  messageTimestamp: 1680456740,
  pushName: 'Harold Andres Lenis',
  message: Message {
    conversation: 'Menu2',
    messageContextInfo: MessageContextInfo {
      deviceListMetadata: [DeviceListMetadata],
      deviceListMetadataVersion: 2
    }
  },
  body: 'Menu2',
  from: '573196946020'
}
[handleMsg]:  {
  key: {
    remoteJid: '573196946020@s.whatsapp.net',
    fromMe: false,
    id: '3A7B7704FBDAAFA8B305',
    participant: undefined
  },
  messageTimestamp: 1680456753,
  pushName: 'Harold Andres Lenis',
  message: Message {
    conversation: 'Menú 2',
    messageContextInfo: MessageContextInfo {
      deviceListMetadata: [DeviceListMetadata],
      deviceListMetadataVersion: 2
    }
  },
  body: 'Menú 2',
  from: '573196946020'
}
